<?xml version="1.0" encoding="UTF-8"?>
<!-- Generated by org.testng.reporters.JUnitReportReporter -->
<testsuite hostname="DESKTOP-QMFDB72" failures="0" tests="5" name="page.mainPage" time="24.695" errors="0" timestamp="2023-10-12T13:38:53 NPT" skipped="0">
  <testcase classname="page.mainPage" name="registerUser" time="6.117"/>
  <testcase classname="page.mainPage" name="BillPay" time="2.466"/>
  <testcase classname="page.mainPage" name="findTransaction" time="14.616"/>
  <testcase classname="page.mainPage" name="RequestLoan" time="0.738"/>
  <testcase classname="page.mainPage" name="logOut" time="0.758"/>
</testsuite> <!-- page.mainPage -->
