<?xml version="1.0" encoding="UTF-8"?>
<!-- Generated by org.testng.reporters.JUnitReportReporter -->
<testsuite hostname="DESKTOP-QMFDB72" failures="0" tests="5" name="page.mainPage" time="28.343" errors="0" timestamp="2023-10-12T15:47:36 NPT" skipped="0">
  <testcase classname="page.mainPage" name="registerUser" time="7.735"/>
  <testcase classname="page.mainPage" name="BillPay" time="2.635"/>
  <testcase classname="page.mainPage" name="findTransaction" time="15.258"/>
  <testcase classname="page.mainPage" name="RequestLoan" time="1.291"/>
  <testcase classname="page.mainPage" name="logOut" time="1.424"/>
</testsuite> <!-- page.mainPage -->
